<?xml version="1.0" encoding="UTF-8"?>
<!-- Generated by org.testng.reporters.JUnitReportReporter -->
<testsuite hostname="LAPTOP-50IFFU53" failures="0" tests="3" name="test.ProjectNameLoginTest" time="98.532" errors="0" timestamp="2022-10-26T12:51:09 IST" skipped="0">
  <testcase classname="test.ProjectNameLoginTest" name="logintest" time="54.999"/>
  <system-out/>
  <testcase classname="test.ProjectNameLoginTest" name="signinwithgoogle" time="29.156"/>
  <system-out/>
  <testcase classname="test.ProjectNameLoginTest" name="loginwithOTP" time="14.377"/>
  <system-out/>
</testsuite> <!-- test.ProjectNameLoginTest -->
